*********************************************************
License Requirements for Model:
 Model_7
*********************************************************
KSO(solver):
 - Model_7

*********************************************************


Body requirements:
==================
   ./.

Marker requirements:
=====================
   ./.

Joint requirements:
===================
   ./.

Force requirements:
===================
   ./.

Constraint requirements:
=========================
   ./.

Result requirements:
=========================
   ./.

Filter requirements:
====================
   ./.

Primitive requirements:
====================
   ./.
