*********************************************************
License Requirements for Model:
 Model
*********************************************************
KPR(gui):
 - Model

*********************************************************


Body requirements:
==================
   ./.

Marker requirements:
=====================
   ./.

Joint requirements:
===================
   ./.

Force requirements:
===================
   ./.

Constraint requirements:
=========================
   ./.

Result requirements:
=========================
   ./.

Filter requirements:
====================
   ./.

Primitive requirements:
====================
   ./.
